<?xml version="1.0" encoding="UTF-8"?>
<testng-results skipped="0" failed="0" total="1" passed="1">
  <reporter-output>
  </reporter-output>
  <suite name="Default suite" duration-ms="19476" started-at="2020-01-24T03:14:08Z" finished-at="2020-01-24T03:14:27Z">
    <groups>
    </groups>
    <test name="Default test" duration-ms="19476" started-at="2020-01-24T03:14:08Z" finished-at="2020-01-24T03:14:27Z">
      <class name="DriverFactory.DriverScript">
        <test-method status="PASS" signature="startTest()[pri:0, instance:DriverFactory.DriverScript@20e2cbe0]" name="startTest" duration-ms="19457" started-at="2020-01-24T08:44:08Z" finished-at="2020-01-24T08:44:27Z">
          <reporter-output>
          </reporter-output>
        </test-method> <!-- startTest -->
      </class> <!-- DriverFactory.DriverScript -->
    </test> <!-- Default test -->
  </suite> <!-- Default suite -->
</testng-results>
